<?xml version="1.0" encoding="UTF-8"?>
<!-- Generated by org.testng.reporters.JUnitReportReporter -->
<testsuite skipped="0" hostname="WINSN185127-XBE" name="Swiggy_Project.Swiggy_Project.Swiggy" tests="1" failures="0" timestamp="08 Apr 2019 13:18:37 GMT" time="5.323" errors="0">
  <testcase name="main" time="5.323" classname="Swiggy_Project.Swiggy_Project.Swiggy"/>
</testsuite> <!-- Swiggy_Project.Swiggy_Project.Swiggy -->
