<?xml version="1.0" encoding="UTF-8"?>
<!-- Generated by org.testng.reporters.JUnitReportReporter -->
<testsuite skipped="0" hostname="WINSN185127-XBE" name="Swiggy_Project.Swiggy_Project.Swiggy" tests="1" failures="0" timestamp="06 Apr 2019 18:51:37 GMT" time="55.538" errors="0">
  <testcase name="main" time="55.538" classname="Swiggy_Project.Swiggy_Project.Swiggy"/>
</testsuite> <!-- Swiggy_Project.Swiggy_Project.Swiggy -->
